TN:
SF:src/features/transaction/components/TransactionCard.tsx
FN:8,TransactionCard
FN:13,onClick
FNF:2
FNH:2
FNDA:5,TransactionCard
FNDA:1,onClick
DA:1,1
DA:2,1
DA:3,1
DA:4,1
DA:5,1
DA:6,1
DA:7,1
DA:8,5
DA:9,5
DA:10,5
DA:11,5
DA:12,5
DA:13,5
DA:14,5
DA:15,5
DA:16,5
DA:17,5
DA:18,5
DA:19,5
DA:20,5
DA:21,5
LF:21
LH:21
BRDA:8,0,0,5
BRDA:13,1,0,1
BRF:2
BRH:2
end_of_record
TN:
SF:src/features/transaction/components/TransactionDetailView.tsx
FN:8,TransactionDetailView
FNF:1
FNH:1
FNDA:2,TransactionDetailView
DA:1,1
DA:2,1
DA:3,1
DA:4,1
DA:5,1
DA:6,1
DA:7,1
DA:8,2
DA:9,2
DA:10,2
DA:11,2
DA:12,2
DA:13,2
DA:14,2
DA:15,2
DA:16,2
DA:17,2
DA:18,2
DA:19,2
DA:20,2
DA:21,2
DA:22,2
DA:23,2
DA:24,2
LF:24
LH:24
BRDA:8,0,0,2
BRF:1
BRH:1
end_of_record
TN:
SF:src/features/transaction/components/TransactionList.tsx
FN:8,TransactionList
FNF:1
FNH:1
FNDA:4,TransactionList
DA:1,1
DA:2,1
DA:3,1
DA:4,1
DA:5,1
DA:6,1
DA:7,1
DA:8,4
DA:9,4
DA:10,4
DA:11,1
DA:12,1
DA:13,1
DA:14,1
DA:15,2
DA:16,2
DA:17,2
DA:18,2
DA:19,4
DA:20,2
DA:21,2
DA:22,2
DA:23,2
LF:23
LH:23
BRDA:8,0,0,4
BRDA:10,1,0,1
BRDA:15,2,0,2
BRDA:18,3,0,4
BRF:4
BRH:4
end_of_record
